[debug] [2022-06-09T15:21:41.695Z] ----------------------------------------------------------------------
[debug] [2022-06-09T15:21:41.701Z] Command:       C:\Program Files\nodejs\node.exe C:\Users\Saidul\AppData\Roaming\npm\node_modules\firebase-tools\lib\bin\firebase.js deploy
[debug] [2022-06-09T15:21:41.703Z] CLI Version:   11.0.1
[debug] [2022-06-09T15:21:41.703Z] Platform:      win32
[debug] [2022-06-09T15:21:41.704Z] Node Version:  v16.13.1
[debug] [2022-06-09T15:21:41.707Z] Time:          Thu Jun 09 2022 21:21:41 GMT+0600 (Bangladesh Standard Time)
[debug] [2022-06-09T15:21:41.708Z] ----------------------------------------------------------------------
[debug] 
[debug] [2022-06-09T15:21:41.876Z] > command requires scopes: ["email","openid","https://www.googleapis.com/auth/cloudplatformprojects.readonly","https://www.googleapis.com/auth/firebase","https://www.googleapis.com/auth/cloud-platform"]
[debug] [2022-06-09T15:21:41.876Z] > authorizing via signed-in user (mdshaiadul@gmail.com)
[debug] [2022-06-09T15:21:41.877Z] [iam] checking project saidul-portfolio for permissions ["firebase.projects.get","firebasehosting.sites.update"]
[debug] [2022-06-09T15:21:41.882Z] >>> [apiv2][query] POST https://cloudresourcemanager.googleapis.com/v1/projects/saidul-portfolio:testIamPermissions [none]
[debug] [2022-06-09T15:21:41.883Z] >>> [apiv2][body] POST https://cloudresourcemanager.googleapis.com/v1/projects/saidul-portfolio:testIamPermissions {"permissions":["firebase.projects.get","firebasehosting.sites.update"]}
[debug] [2022-06-09T15:21:44.797Z] <<< [apiv2][status] POST https://cloudresourcemanager.googleapis.com/v1/projects/saidul-portfolio:testIamPermissions 200
[debug] [2022-06-09T15:21:44.797Z] <<< [apiv2][body] POST https://cloudresourcemanager.googleapis.com/v1/projects/saidul-portfolio:testIamPermissions {"permissions":["firebase.projects.get","firebasehosting.sites.update"]}
[debug] [2022-06-09T15:21:44.802Z] >>> [apiv2][query] GET https://firebase.googleapis.com/v1beta1/projects/saidul-portfolio [none]
[debug] [2022-06-09T15:21:46.280Z] <<< [apiv2][status] GET https://firebase.googleapis.com/v1beta1/projects/saidul-portfolio 200
[debug] [2022-06-09T15:21:46.281Z] <<< [apiv2][body] GET https://firebase.googleapis.com/v1beta1/projects/saidul-portfolio {"projectId":"saidul-portfolio","projectNumber":"45023615867","displayName":"saidul-portfolio","name":"projects/saidul-portfolio","resources":{"hostingSite":"saidul-portfolio"},"state":"ACTIVE"}
[info] 
[info] === Deploying to 'saidul-portfolio'...
[info] 
[info] i  deploying hosting 
[debug] [2022-06-09T15:21:46.296Z] >>> [apiv2][query] GET https://firebase.googleapis.com/v1beta1/projects/saidul-portfolio [none]
[debug] [2022-06-09T15:21:46.922Z] <<< [apiv2][status] GET https://firebase.googleapis.com/v1beta1/projects/saidul-portfolio 200
[debug] [2022-06-09T15:21:46.922Z] <<< [apiv2][body] GET https://firebase.googleapis.com/v1beta1/projects/saidul-portfolio {"projectId":"saidul-portfolio","projectNumber":"45023615867","displayName":"saidul-portfolio","name":"projects/saidul-portfolio","resources":{"hostingSite":"saidul-portfolio"},"state":"ACTIVE"}
[debug] [2022-06-09T15:21:46.927Z] >>> [apiv2][query] POST https://firebasehosting.googleapis.com/v1beta1/projects/45023615867/sites/saidul-portfolio/versions [none]
[debug] [2022-06-09T15:21:46.927Z] >>> [apiv2][body] POST https://firebasehosting.googleapis.com/v1beta1/projects/45023615867/sites/saidul-portfolio/versions {"config":{"rewrites":[{"glob":"**","path":"/index.html"}]},"labels":{"deployment-tool":"cli-firebase"}}
[debug] [2022-06-09T15:21:49.376Z] <<< [apiv2][status] POST https://firebasehosting.googleapis.com/v1beta1/projects/45023615867/sites/saidul-portfolio/versions 200
[debug] [2022-06-09T15:21:49.377Z] <<< [apiv2][body] POST https://firebasehosting.googleapis.com/v1beta1/projects/45023615867/sites/saidul-portfolio/versions {"name":"projects/45023615867/sites/saidul-portfolio/versions/d6b2cc0b7fc80308","status":"CREATED","config":{"rewrites":[{"glob":"**","path":"/index.html"}]},"labels":{"deployment-tool":"cli-firebase"}}
[info] i  hosting[saidul-portfolio]: beginning deploy... 
[info] i  hosting[saidul-portfolio]: found 22 files in build 
[debug] [2022-06-09T15:21:49.439Z] [hosting] uploading with 200 concurrency
[debug] [2022-06-09T15:21:49.454Z] [hosting] hash cache [YnVpbGQ] stored for 22 files
[debug] [2022-06-09T15:21:49.454Z] [hosting][hash queue][FINAL] {"max":8,"min":1,"avg":1,"active":0,"complete":22,"success":22,"errored":0,"retried":0,"total":22,"elapsed":12}
[debug] [2022-06-09T15:21:49.456Z] >>> [apiv2][query] POST https://firebasehosting.googleapis.com/v1beta1/projects/45023615867/sites/saidul-portfolio/versions/d6b2cc0b7fc80308:populateFiles [none]
[debug] [2022-06-09T15:21:49.456Z] >>> [apiv2][body] POST https://firebasehosting.googleapis.com/v1beta1/projects/45023615867/sites/saidul-portfolio/versions/d6b2cc0b7fc80308:populateFiles {"files":{"/asset-manifest.json":"56844137898e68893782a5a21fedab4fbeca14988ba360c1c82d59645cc36fad","/favicon.ico":"4b3164a657d6d0ece27cbd250457dc0618b388f6138a2351a547e1cf27eea80a","/index.html":"6e6ba2cbaf2e3f9f83aab3ef9a94a2646d43add3ad628de4763ce9e479b6f00e","/logo192.png":"3ee59515172ee198f3be375979df15ac5345183e656720a381b8872b2a39dc8b","/logo512.png":"ee7e2f3fdb8209c4b6fd7bef6ba50d1b9dba30a25bb5c3126df057e1cb6f5331","/manifest.json":"aff3449bdc238776f5d6d967f19ec491b36aed5fb7f23ccff6500736fd58494a","/robots.txt":"bfe106a3fb878dc83461c86818bf74fc1bdc7f28538ba613cd3e775516ce8b49","/static/css/main.ac37e517.css":"54a3b5c5f0cfcd144876cf9aa0da18829f8e7b79e846d1dd4a5be8f9a1f900dd","/static/css/main.ac37e517.css.map":"9204fe3325bde75c1151866c073efc11ce468d34fd33fe132eded9b98179f791","/static/js/787.58de407c.chunk.js":"aa2fcd568e7fedc0149094d2aff118b25ab19ddaf9222db226896aa66d8c0645","/static/js/787.58de407c.chunk.js.map":"cd5e61e9f26753d3da924d28477550e017fe7027a0cb5434a0a2a522bab03a1c","/static/js/main.bd742f45.js":"2b3caca7dd20c2f66caa6b7b109505d7f1e9bcbb4e9e48977c7da5a3cda4134a","/static/js/main.bd742f45.js.LICENSE.txt":"f0fdf3ec1b7f42c37f34facdc51d66b2e6c9428ca08d4c551e70f1738f3fba72","/static/js/main.bd742f45.js.map":"e673960a1858c7b130c83df2a76ec4074c190691b7aea6501a47bf5c75a08bde","/static/media/owner.0f885bae64750056c53b.png":"438c4ebc2146b8463191e7fdf0ecfad29254ccd17f51aba85f8e8a25404c7a61","/static/media/project01.f8011b9601df97459e98.png":"48ff1a06f9e468de1db2df4b2c79cf329f080e33d0aad605c27fbfeb40c0ac6a","/static/media/project02.21c5a78d49f10e42cf6f.png":"f72f6634fac0607381519e34d05e5d59591e78145dec46a5a2d5147ec681d41f","/static/media/project03.2c31d69e71c225e8424f.png":"1306158df280fe471f5c03a4d838ced20aa7abbe2834d6cfcb18bf14018a3a99","/static/media/project04.d422894c1429913b5988.png":"c7ede3d31d422a9956f8e02582b8a6e3b8bcae6276441f3613ce0ddecc5ebffd","/static/media/project05.7ab8a05179ede4f1b5b0.png":"42b90a44eab336ef00970b9a239a34d28f5568e8ef1ec9f24776014d78bd13ed","/static/media/project06.64e8e3999e5bf31015c6.png":"5bf617b857c07117a630a0593b82c04b9553d664fb2ad418f539c0e99e59bdd1","/static/media/Saiduls_Resume (1).c1a4bbd096923f61f649.pdf":"257f7e1ce88aa2b5481bdafaed144ef010f223ccc34b45c502ba1a94bd0851e7"}}
[debug] [2022-06-09T15:21:51.383Z] <<< [apiv2][status] POST https://firebasehosting.googleapis.com/v1beta1/projects/45023615867/sites/saidul-portfolio/versions/d6b2cc0b7fc80308:populateFiles 200
[debug] [2022-06-09T15:21:51.383Z] <<< [apiv2][body] POST https://firebasehosting.googleapis.com/v1beta1/projects/45023615867/sites/saidul-portfolio/versions/d6b2cc0b7fc80308:populateFiles {"uploadRequiredHashes":["1306158df280fe471f5c03a4d838ced20aa7abbe2834d6cfcb18bf14018a3a99"],"uploadUrl":"https://upload-firebasehosting.googleapis.com/upload/sites/saidul-portfolio/versions/d6b2cc0b7fc80308/files"}
[debug] [2022-06-09T15:21:51.387Z] >>> [apiv2][query] POST https://upload-firebasehosting.googleapis.com/upload/sites/saidul-portfolio/versions/d6b2cc0b7fc80308/files/1306158df280fe471f5c03a4d838ced20aa7abbe2834d6cfcb18bf14018a3a99 [none]
[debug] [2022-06-09T15:21:51.387Z] >>> [apiv2][body] POST https://upload-firebasehosting.googleapis.com/upload/sites/saidul-portfolio/versions/d6b2cc0b7fc80308/files/1306158df280fe471f5c03a4d838ced20aa7abbe2834d6cfcb18bf14018a3a99 [stream]
[debug] [2022-06-09T15:21:51.389Z] [hosting][populate queue][FINAL] {"max":1935,"min":1935,"avg":1935,"active":0,"complete":1,"success":1,"errored":0,"retried":0,"total":1,"elapsed":1937}
[debug] [2022-06-09T15:21:51.390Z] [hosting] uploads queued: 1
